Crashlog created at 2013-01-15 11:42:45 +0530

=== MESSAGE:

Errno::EADDRINUSE: Address already in use - bind(2)

=== COMPILATION STACK:

  (empty)

=== BACKTRACE:

  0. /home/webonise/.rvm/rubies/ruby-1.9.2-p290/lib/ruby/1.9.1/webrick/utils.rb:73:in `initialize'
  1. /home/webonise/.rvm/rubies/ruby-1.9.2-p290/lib/ruby/1.9.1/webrick/utils.rb:73:in `new'
  2. /home/webonise/.rvm/rubies/ruby-1.9.2-p290/lib/ruby/1.9.1/webrick/utils.rb:73:in `block in create_listeners'
  3. /home/webonise/.rvm/rubies/ruby-1.9.2-p290/lib/ruby/1.9.1/webrick/utils.rb:70:in `each'
  4. /home/webonise/.rvm/rubies/ruby-1.9.2-p290/lib/ruby/1.9.1/webrick/utils.rb:70:in `create_listeners'
  5. /home/webonise/.rvm/rubies/ruby-1.9.2-p290/lib/ruby/1.9.1/webrick/server.rb:74:in `listen'
  6. /home/webonise/.rvm/rubies/ruby-1.9.2-p290/lib/ruby/1.9.1/webrick/server.rb:62:in `initialize'
  7. /home/webonise/.rvm/rubies/ruby-1.9.2-p290/lib/ruby/1.9.1/webrick/httpserver.rb:24:in `initialize'
  8. /home/webonise/.rvm/gems/ruby-1.9.2-p290@docs/gems/rack-1.4.1/lib/rack/handler/webrick.rb:10:in `new'
  9. /home/webonise/.rvm/gems/ruby-1.9.2-p290@docs/gems/rack-1.4.1/lib/rack/handler/webrick.rb:10:in `run'
  10. /home/webonise/.rvm/gems/ruby-1.9.2-p290@docs/gems/nanoc-3.4.1/lib/nanoc/cli/commands/view.rb:51:in `run'
  11. /home/webonise/.rvm/gems/ruby-1.9.2-p290@docs/gems/nanoc-3.4.1/lib/nanoc/cli/command_runner.rb:14:in `block in call'
  12. /home/webonise/.rvm/gems/ruby-1.9.2-p290@docs/gems/nanoc-3.4.1/lib/nanoc/cli/error_handler.rb:63:in `handle_while'
  13. /home/webonise/.rvm/gems/ruby-1.9.2-p290@docs/gems/nanoc-3.4.1/lib/nanoc/cli/error_handler.rb:26:in `handle_while'
  14. /home/webonise/.rvm/gems/ruby-1.9.2-p290@docs/gems/nanoc-3.4.1/lib/nanoc/cli/command_runner.rb:13:in `call'
  15. /home/webonise/.rvm/gems/ruby-1.9.2-p290@docs/gems/cri-2.3.0/lib/cri/command_dsl.rb:185:in `block in runner'
  16. /home/webonise/.rvm/gems/ruby-1.9.2-p290@docs/gems/cri-2.3.0/lib/cri/command.rb:296:in `call'
  17. /home/webonise/.rvm/gems/ruby-1.9.2-p290@docs/gems/cri-2.3.0/lib/cri/command.rb:296:in `run_this'
  18. /home/webonise/.rvm/gems/ruby-1.9.2-p290@docs/gems/cri-2.3.0/lib/cri/command.rb:249:in `run'
  19. /home/webonise/.rvm/gems/ruby-1.9.2-p290@docs/gems/cri-2.3.0/lib/cri/command.rb:262:in `run'
  20. /home/webonise/.rvm/gems/ruby-1.9.2-p290@docs/gems/nanoc-3.4.1/lib/nanoc/cli.rb:53:in `block in run'
  21. /home/webonise/.rvm/gems/ruby-1.9.2-p290@docs/gems/nanoc-3.4.1/lib/nanoc/cli/error_handler.rb:63:in `handle_while'
  22. /home/webonise/.rvm/gems/ruby-1.9.2-p290@docs/gems/nanoc-3.4.1/lib/nanoc/cli/error_handler.rb:26:in `handle_while'
  23. /home/webonise/.rvm/gems/ruby-1.9.2-p290@docs/gems/nanoc-3.4.1/lib/nanoc/cli.rb:50:in `run'
  24. /home/webonise/.rvm/gems/ruby-1.9.2-p290@docs/gems/nanoc-3.4.1/bin/nanoc:19:in `<top (required)>'
  25. /home/webonise/.rvm/gems/ruby-1.9.2-p290@docs/bin/nanoc:19:in `load'
  26. /home/webonise/.rvm/gems/ruby-1.9.2-p290@docs/bin/nanoc:19:in `<main>'
  27. /home/webonise/.rvm/gems/ruby-1.9.2-p290@docs/bin/ruby_noexec_wrapper:14:in `eval'
  28. /home/webonise/.rvm/gems/ruby-1.9.2-p290@docs/bin/ruby_noexec_wrapper:14:in `<main>'

=== VERSION INFORMATION:

nanoc 3.4.1 © 2007-2012 Denis Defreyne.
Running ruby 1.9.2 (2011-07-09) on i686-linux with RubyGems 1.8.24.

=== SYSTEM INFORMATION:

Linux webonise-Inspiron-3520 3.5.0-21-generic #32-Ubuntu SMP Tue Dec 11 18:52:46 UTC 2012 i686 i686 i686 GNU/Linux

=== INSTALLED GEMS:

  addressable 2.2.8
  adsf 1.1.1
  bundler 1.2.3
  cfoundry 0.3.40
  clouseau 0.0.1
  colored 1.2
  cri 2.3.0
  haml 3.1.7
  interact 0.4.8
  json_pure 1.6.7
  kramdown 0.13.8
  manifests-vmc-plugin 0.4.8
  mime-types 1.19
  mothership 0.1.5
  multi_json 1.3.6
  nanoc 3.4.1
  nokogiri 1.5.5
  pygmentize 0.0.3
  rack 1.4.1
  rake 0.9.2.2
  rb-readline 0.4.2
  rest-client 1.6.7
  rubyzip 0.9.9
  systemu 2.5.2
  terminal-table 1.4.5
  tunnel-dummy-vmc-plugin 0.0.1
  uuidtools 2.1.3
  vmc 0.4.0.beta.63
  yajl-ruby 0.8.3

=== ENVIRONMENT:

BUNDLE_BIN_PATH => "/home/webonise/.rvm/gems/ruby-1.9.2-p290@global/gems/bundler-1.2.3/bin/bundle"
BUNDLE_GEMFILE => "/home/webonise/Projects/cloudfoundry/cf-docs-tutorials/Gemfile"
COLORTERM => "gnome-terminal"
COMPIZ_BIN_PATH => "/usr/bin/"
COMPIZ_CONFIG_PROFILE => "ubuntu"
DBUS_SESSION_BUS_ADDRESS => "unix:abstract=/tmp/dbus-jeqk9G27Mv,guid=74d66fbaa1a19c549f9cf37050f4e5c4"
DEFAULTS_PATH => "/usr/share/gconf/ubuntu.default.path"
DESKTOP_SESSION => "ubuntu"
DISPLAY => ":0.0"
GDMSESSION => "ubuntu"
GEM_HOME => "/home/webonise/.rvm/gems/ruby-1.9.2-p290@docs"
GEM_PATH => "/home/webonise/.rvm/gems/ruby-1.9.2-p290@docs:/home/webonise/.rvm/gems/ruby-1.9.2-p290@global"
GNOME_DESKTOP_SESSION_ID => "this-is-deprecated"
GNOME_KEYRING_CONTROL => "/run/user/webonise/keyring-8qtk0a"
GNOME_KEYRING_PID => "1950"
GPG_AGENT_INFO => "/run/user/webonise/keyring-8qtk0a/gpg:0:1"
GTK_MODULES => "overlay-scrollbar"
HOME => "/home/webonise"
IRBRC => "/home/webonise/.rvm/rubies/ruby-1.9.2-p290/.irbrc"
LANG => "en_IN"
LANGUAGE => "en_IN:en"
LESSCLOSE => "/usr/bin/lesspipe %s %s"
LESSOPEN => "| /usr/bin/lesspipe %s"
LOGNAME => "webonise"
LS_COLORS => "rs=0:di=01;34:ln=01;36:mh=00:pi=40;33:so=01;35:do=01;35:bd=40;33;01:cd=40;33;01:or=40;31;01:su=37;41:sg=30;43:ca=30;41:tw=30;42:ow=34;42:st=37;44:ex=01;32:*.tar=01;31:*.tgz=01;31:*.arj=01;31:*.taz=01;31:*.lzh=01;31:*.lzma=01;31:*.tlz=01;31:*.txz=01;31:*.zip=01;31:*.z=01;31:*.Z=01;31:*.dz=01;31:*.gz=01;31:*.lz=01;31:*.xz=01;31:*.bz2=01;31:*.bz=01;31:*.tbz=01;31:*.tbz2=01;31:*.tz=01;31:*.deb=01;31:*.rpm=01;31:*.jar=01;31:*.war=01;31:*.ear=01;31:*.sar=01;31:*.rar=01;31:*.ace=01;31:*.zoo=01;31:*.cpio=01;31:*.7z=01;31:*.rz=01;31:*.jpg=01;35:*.jpeg=01;35:*.gif=01;35:*.bmp=01;35:*.pbm=01;35:*.pgm=01;35:*.ppm=01;35:*.tga=01;35:*.xbm=01;35:*.xpm=01;35:*.tif=01;35:*.tiff=01;35:*.png=01;35:*.svg=01;35:*.svgz=01;35:*.mng=01;35:*.pcx=01;35:*.mov=01;35:*.mpg=01;35:*.mpeg=01;35:*.m2v=01;35:*.mkv=01;35:*.webm=01;35:*.ogm=01;35:*.mp4=01;35:*.m4v=01;35:*.mp4v=01;35:*.vob=01;35:*.qt=01;35:*.nuv=01;35:*.wmv=01;35:*.asf=01;35:*.rm=01;35:*.rmvb=01;35:*.flc=01;35:*.avi=01;35:*.fli=01;35:*.flv=01;35:*.gl=01;35:*.dl=01;35:*.xcf=01;35:*.xwd=01;35:*.yuv=01;35:*.cgm=01;35:*.emf=01;35:*.axv=01;35:*.anx=01;35:*.ogv=01;35:*.ogx=01;35:*.aac=00;36:*.au=00;36:*.flac=00;36:*.mid=00;36:*.midi=00;36:*.mka=00;36:*.mp3=00;36:*.mpc=00;36:*.ogg=00;36:*.ra=00;36:*.wav=00;36:*.axa=00;36:*.oga=00;36:*.spx=00;36:*.xspf=00;36:"
MANDATORY_PATH => "/usr/share/gconf/ubuntu.mandatory.path"
MY_RUBY_HOME => "/home/webonise/.rvm/rubies/ruby-1.9.2-p290"
OLDPWD => "/home/webonise/Projects/cloudfoundry"
PATH => "/home/webonise/.rvm/gems/ruby-1.9.2-p290@docs/bin:/home/webonise/.rvm/gems/ruby-1.9.2-p290@global/bin:/home/webonise/.rvm/rubies/ruby-1.9.2-p290/bin:/home/webonise/.rvm/bin:/usr/lib/lightdm/lightdm:/usr/local/sbin:/usr/local/bin:/usr/sbin:/usr/bin:/sbin:/bin:/usr/games:/usr/local/games"
PWD => "/home/webonise/Projects/cloudfoundry/cf-docs-tutorials"
RUBYOPT => "-I/home/webonise/.rvm/gems/ruby-1.9.2-p290@global/gems/bundler-1.2.3/lib -rbundler/setup"
RUBY_VERSION => "ruby-1.9.2-p290"
SESSION_MANAGER => "local/webonise-Inspiron-3520:@/tmp/.ICE-unix/1961,unix/webonise-Inspiron-3520:/tmp/.ICE-unix/1961"
SHELL => "/bin/bash"
SHLVL => "1"
SSH_AGENT_PID => "1996"
SSH_AUTH_SOCK => "/run/user/webonise/keyring-8qtk0a/ssh"
TERM => "xterm"
UBUNTU_MENUPROXY => "libappmenu.so"
USER => "webonise"
WINDOWID => "79691782"
XAUTHORITY => "/home/webonise/.Xauthority"
XDG_CONFIG_DIRS => "/etc/xdg/xdg-ubuntu:/etc/xdg"
XDG_CURRENT_DESKTOP => "Unity"
XDG_DATA_DIRS => "/usr/share/ubuntu:/usr/share/gnome:/usr/local/share/:/usr/share/"
XDG_RUNTIME_DIR => "/run/user/webonise"
XDG_SEAT_PATH => "/org/freedesktop/DisplayManager/Seat0"
XDG_SESSION_COOKIE => "6965e3295d90014cd3658b6950ef3928-1358226884.37511-1943993400"
XDG_SESSION_PATH => "/org/freedesktop/DisplayManager/Session0"
_ => "/home/webonise/.rvm/gems/ruby-1.9.2-p290@docs/bin/nanoc"
_ORIGINAL_GEM_PATH => "/home/webonise/.rvm/gems/ruby-1.9.2-p290@docs:/home/webonise/.rvm/gems/ruby-1.9.2-p290@global"
__array_start => "0"
_first => "0"
_second => "1"
escape_flag => "1"
rvm_bin_path => "/home/webonise/.rvm/bin"
rvm_delete_flag => "0"
rvm_path => "/home/webonise/.rvm"
rvm_prefix => "/home/webonise"
rvm_ruby_string => "ruby-1.9.2-p290"
rvm_sticky_flag => "1"
rvm_version => "1.17.7 (stable)"

=== GEMFILE.LOCK:

GEM
  remote: http://rubygems.org/
  specs:
    addressable (2.2.8)
    adsf (1.1.1)
      rack (>= 1.0.0)
    cfoundry (0.3.40)
      multi_json (~> 1.3.6)
      rest-client (~> 1.6.1)
      rubyzip (~> 0.9.9)
    clouseau (0.0.1)
      rubyzip (~> 0.9.9)
    colored (1.2)
    cri (2.3.0)
      colored (>= 1.2)
    haml (3.1.7)
    interact (0.4.8)
    json_pure (1.6.7)
    kramdown (0.13.8)
    manifests-vmc-plugin (0.4.8)
      cfoundry (~> 0.3.9)
    mime-types (1.19)
    mothership (0.1.5)
    multi_json (1.3.6)
    nanoc (3.4.1)
      cri (~> 2.2)
    nokogiri (1.5.5)
    pygmentize (0.0.3)
    rack (1.4.1)
    rake (0.9.2.2)
    rb-readline (0.4.2)
    rest-client (1.6.7)
      mime-types (>= 1.16)
    rubyzip (0.9.9)
    systemu (2.5.2)
    terminal-table (1.4.5)
    tunnel-dummy-vmc-plugin (0.0.1)
      cfoundry (~> 0.3.14)
    uuidtools (2.1.3)
    vmc (0.4.0.beta.63)
      addressable (~> 2.2.6)
      cfoundry (~> 0.3.27)
      cfoundry (~> 0.3.40)
      clouseau (~> 0.0.1)
      interact (~> 0.4.0)
      interact (~> 0.4.8)
      json_pure (>= 1.5.1, < 1.7.0)
      json_pure (~> 1.6.5)
      manifests-vmc-plugin (~> 0.4.8)
      mothership (~> 0.1.5)
      multi_json (~> 1.3.6)
      rb-readline (~> 0.4.2)
      rest-client (>= 1.6.1, < 1.7.0)
      rubyzip (~> 0.9.4)
      terminal-table (~> 1.4.2)
      tunnel-dummy-vmc-plugin (~> 0.0.1)
      uuidtools (~> 2.1.0)
    yajl-ruby (0.8.3)

PLATFORMS
  ruby

DEPENDENCIES
  adsf
  haml
  kramdown (~> 0.13.2)
  mime-types (~> 1.16)
  nanoc
  nokogiri (~> 1.5.5)
  pygmentize (~> 0.0.3)
  rake (~> 0.9.2)
  rubyzip
  systemu
  vmc (>= 0.3.16.beta.3)
  yajl-ruby (~> 0.8.2)

=== $LOAD_PATH:

  0. /home/webonise/.rvm/gems/ruby-1.9.2-p290@docs/gems/nanoc-3.4.1/lib
  1. /home/webonise/.rvm/gems/ruby-1.9.2-p290@docs/gems/yajl-ruby-0.8.3/lib
  2. /home/webonise/.rvm/gems/ruby-1.9.2-p290@docs/gems/yajl-ruby-0.8.3/ext
  3. /home/webonise/.rvm/gems/ruby-1.9.2-p290@docs/gems/vmc-0.4.0.beta.63/vmc-ng/lib
  4. /home/webonise/.rvm/gems/ruby-1.9.2-p290@docs/gems/uuidtools-2.1.3/lib
  5. /home/webonise/.rvm/gems/ruby-1.9.2-p290@docs/gems/tunnel-dummy-vmc-plugin-0.0.1/lib
  6. /home/webonise/.rvm/gems/ruby-1.9.2-p290@docs/gems/terminal-table-1.4.5/lib
  7. /home/webonise/.rvm/gems/ruby-1.9.2-p290@docs/gems/systemu-2.5.2/lib
  8. /home/webonise/.rvm/gems/ruby-1.9.2-p290@docs/gems/rb-readline-0.4.2/lib
  9. /home/webonise/.rvm/gems/ruby-1.9.2-p290@docs/gems/pygmentize-0.0.3/lib
  10. /home/webonise/.rvm/gems/ruby-1.9.2-p290@docs/gems/nokogiri-1.5.5/lib
  11. /home/webonise/.rvm/gems/ruby-1.9.2-p290@docs/gems/nanoc-3.4.1/lib
  12. /home/webonise/.rvm/gems/ruby-1.9.2-p290@docs/gems/mothership-0.1.5/lib
  13. /home/webonise/.rvm/gems/ruby-1.9.2-p290@docs/gems/manifests-vmc-plugin-0.4.8/lib
  14. /home/webonise/.rvm/gems/ruby-1.9.2-p290@docs/gems/kramdown-0.13.8/lib
  15. /home/webonise/.rvm/gems/ruby-1.9.2-p290@docs/gems/json_pure-1.6.7/lib
  16. /home/webonise/.rvm/gems/ruby-1.9.2-p290@docs/gems/interact-0.4.8/lib
  17. /home/webonise/.rvm/gems/ruby-1.9.2-p290@docs/gems/haml-3.1.7/lib
  18. /home/webonise/.rvm/gems/ruby-1.9.2-p290@docs/gems/cri-2.3.0/lib
  19. /home/webonise/.rvm/gems/ruby-1.9.2-p290@docs/gems/colored-1.2/lib
  20. /home/webonise/.rvm/gems/ruby-1.9.2-p290@docs/gems/clouseau-0.0.1/lib
  21. /home/webonise/.rvm/gems/ruby-1.9.2-p290@docs/gems/cfoundry-0.3.40/lib
  22. /home/webonise/.rvm/gems/ruby-1.9.2-p290@docs/gems/rubyzip-0.9.9/lib
  23. /home/webonise/.rvm/gems/ruby-1.9.2-p290@docs/gems/rest-client-1.6.7/lib
  24. /home/webonise/.rvm/gems/ruby-1.9.2-p290@docs/gems/mime-types-1.19/lib
  25. /home/webonise/.rvm/gems/ruby-1.9.2-p290@docs/gems/multi_json-1.3.6/lib
  26. /home/webonise/.rvm/gems/ruby-1.9.2-p290@docs/gems/adsf-1.1.1/lib
  27. /home/webonise/.rvm/gems/ruby-1.9.2-p290@docs/gems/rack-1.4.1/lib
  28. /home/webonise/.rvm/gems/ruby-1.9.2-p290@docs/gems/addressable-2.2.8/lib
  29. /home/webonise/.rvm/gems/ruby-1.9.2-p290@docs/gems/rake-0.9.2.2/lib
  30. /home/webonise/.rvm/gems/ruby-1.9.2-p290@global/gems/bundler-1.2.3/lib
  31. /home/webonise/.rvm/rubies/ruby-1.9.2-p290/lib/ruby/site_ruby/1.9.1
  32. /home/webonise/.rvm/rubies/ruby-1.9.2-p290/lib/ruby/site_ruby/1.9.1/i686-linux
  33. /home/webonise/.rvm/rubies/ruby-1.9.2-p290/lib/ruby/site_ruby
  34. /home/webonise/.rvm/rubies/ruby-1.9.2-p290/lib/ruby/vendor_ruby/1.9.1
  35. /home/webonise/.rvm/rubies/ruby-1.9.2-p290/lib/ruby/vendor_ruby/1.9.1/i686-linux
  36. /home/webonise/.rvm/rubies/ruby-1.9.2-p290/lib/ruby/vendor_ruby
  37. /home/webonise/.rvm/rubies/ruby-1.9.2-p290/lib/ruby/1.9.1
  38. /home/webonise/.rvm/rubies/ruby-1.9.2-p290/lib/ruby/1.9.1/i686-linux
